{
  "summary": {
    "outcome": "Failed",
    "testsRan": 1,
    "passing": 0,
    "failing": 1,
    "skipped": 0,
    "passRate": "0%",
    "failRate": "100%",
    "skipRate": "0%",
    "testStartTime": "Tue Jun 21 2022 3:25:55 PM",
    "testExecutionTimeInMs": 1043,
    "testTotalTimeInMs": 1043,
    "commandTimeInMs": 534,
    "hostname": "https://sweeftdigital9-dev-ed.my.salesforce.com",
    "orgId": "00D8b000002AE61EAG",
    "username": "sandroqoiava7@hotmail.com",
    "testRunId": "7078b00009AtNVS",
    "userId": "0058b00000GM5y9AAD"
  },
  "tests": [
    {
      "id": "07M8b000004NxHTEA0",
      "queueItemId": "7098b000000Ol8JAAS",
      "stackTrace": "Class.SF_CreateOrderAndOrderProductsTest.executeTest: line 9, column 1",
      "message": "System.DmlException: Insert failed. First exception on row 0; first error: REQUIRED_FIELD_MISSING, Required fields are missing: [LastName]: [LastName]",
      "asyncApexJobId": "7078b00009AtNVSAA3",
      "methodName": "executeTest",
      "outcome": "Fail",
      "apexLogId": null,
      "apexClass": {
        "id": "01p8b000008O5TOAA0",
        "name": "SF_CreateOrderAndOrderProductsTest",
        "namespacePrefix": null,
        "fullName": "SF_CreateOrderAndOrderProductsTest"
      },
      "runTime": 1043,
      "testTimestamp": "2022-06-21T11:25:55.000+0000",
      "fullName": "SF_CreateOrderAndOrderProductsTest.executeTest",
      "diagnostic": {
        "exceptionMessage": "System.DmlException: Insert failed. First exception on row 0; first error: REQUIRED_FIELD_MISSING, Required fields are missing: [LastName]: [LastName]",
        "exceptionStackTrace": "Class.SF_CreateOrderAndOrderProductsTest.executeTest: line 9, column 1",
        "className": "SF_CreateOrderAndOrderProductsTest",
        "compileProblem": "",
        "lineNumber": 9,
        "columnNumber": 1
      }
    }
  ]
}